Determining if the pthread_create exist failed with the following output:
Change Dir: /home/xurui/sunglasses_temp_task/batch_process_test/build/CMakeFiles/CMakeTmp

Run Build Command:"/usr/bin/make" "cmTC_a049f/fast"
/usr/bin/make -f CMakeFiles/cmTC_a049f.dir/build.make CMakeFiles/cmTC_a049f.dir/build
make[1]: Entering directory '/home/xurui/sunglasses_temp_task/batch_process_test/build/CMakeFiles/CMakeTmp'
Building C object CMakeFiles/cmTC_a049f.dir/CheckSymbolExists.c.o
/usr/bin/cc     -o CMakeFiles/cmTC_a049f.dir/CheckSymbolExists.c.o   -c /home/xurui/sunglasses_temp_task/batch_process_test/build/CMakeFiles/CMakeTmp/CheckSymbolExists.c
Linking C executable cmTC_a049f
/usr/bin/cmake -E cmake_link_script CMakeFiles/cmTC_a049f.dir/link.txt --verbose=1
/usr/bin/cc       CMakeFiles/cmTC_a049f.dir/CheckSymbolExists.c.o  -o cmTC_a049f -rdynamic 
CMakeFiles/cmTC_a049f.dir/CheckSymbolExists.c.o：在函数‘main’中：
CheckSymbolExists.c:(.text+0x16)：对‘pthread_create’未定义的引用
collect2: error: ld returned 1 exit status
CMakeFiles/cmTC_a049f.dir/build.make:97: recipe for target 'cmTC_a049f' failed
make[1]: *** [cmTC_a049f] Error 1
make[1]: Leaving directory '/home/xurui/sunglasses_temp_task/batch_process_test/build/CMakeFiles/CMakeTmp'
Makefile:126: recipe for target 'cmTC_a049f/fast' failed
make: *** [cmTC_a049f/fast] Error 2

File /home/xurui/sunglasses_temp_task/batch_process_test/build/CMakeFiles/CMakeTmp/CheckSymbolExists.c:
/* */
#include <pthread.h>

int main(int argc, char** argv)
{
  (void)argv;
#ifndef pthread_create
  return ((int*)(&pthread_create))[argc];
#else
  (void)argc;
  return 0;
#endif
}

Determining if the function pthread_create exists in the pthreads failed with the following output:
Change Dir: /home/xurui/sunglasses_temp_task/batch_process_test/build/CMakeFiles/CMakeTmp

Run Build Command:"/usr/bin/make" "cmTC_6de01/fast"
/usr/bin/make -f CMakeFiles/cmTC_6de01.dir/build.make CMakeFiles/cmTC_6de01.dir/build
make[1]: Entering directory '/home/xurui/sunglasses_temp_task/batch_process_test/build/CMakeFiles/CMakeTmp'
Building C object CMakeFiles/cmTC_6de01.dir/CheckFunctionExists.c.o
/usr/bin/cc    -DCHECK_FUNCTION_EXISTS=pthread_create   -o CMakeFiles/cmTC_6de01.dir/CheckFunctionExists.c.o   -c /usr/share/cmake-3.5/Modules/CheckFunctionExists.c
Linking C executable cmTC_6de01
/usr/bin/cmake -E cmake_link_script CMakeFiles/cmTC_6de01.dir/link.txt --verbose=1
/usr/bin/cc   -DCHECK_FUNCTION_EXISTS=pthread_create    CMakeFiles/cmTC_6de01.dir/CheckFunctionExists.c.o  -o cmTC_6de01 -rdynamic -lpthreads 
/usr/bin/ld: 找不到 -lpthreads
collect2: error: ld returned 1 exit status
CMakeFiles/cmTC_6de01.dir/build.make:97: recipe for target 'cmTC_6de01' failed
make[1]: *** [cmTC_6de01] Error 1
make[1]: Leaving directory '/home/xurui/sunglasses_temp_task/batch_process_test/build/CMakeFiles/CMakeTmp'
Makefile:126: recipe for target 'cmTC_6de01/fast' failed
make: *** [cmTC_6de01/fast] Error 2


Determining if the function sgesv exists failed with the following output:
Change Dir: /home/xurui/sunglasses_temp_task/batch_process_test/build/CMakeFiles/CMakeTmp

Run Build Command:"/usr/bin/make" "cmTC_e81d7/fast"
/usr/bin/make -f CMakeFiles/cmTC_e81d7.dir/build.make CMakeFiles/cmTC_e81d7.dir/build
make[1]: Entering directory '/home/xurui/sunglasses_temp_task/batch_process_test/build/CMakeFiles/CMakeTmp'
Building C object CMakeFiles/cmTC_e81d7.dir/CheckFunctionExists.c.o
/usr/bin/cc    -DCHECK_FUNCTION_EXISTS=sgesv   -o CMakeFiles/cmTC_e81d7.dir/CheckFunctionExists.c.o   -c /usr/share/cmake-3.5/Modules/CheckFunctionExists.c
Linking C executable cmTC_e81d7
/usr/bin/cmake -E cmake_link_script CMakeFiles/cmTC_e81d7.dir/link.txt --verbose=1
/usr/bin/cc   -DCHECK_FUNCTION_EXISTS=sgesv    CMakeFiles/cmTC_e81d7.dir/CheckFunctionExists.c.o  -o cmTC_e81d7 -rdynamic 
CMakeFiles/cmTC_e81d7.dir/CheckFunctionExists.c.o：在函数‘main’中：
CheckFunctionExists.c:(.text+0x15)：对‘sgesv’未定义的引用
collect2: error: ld returned 1 exit status
CMakeFiles/cmTC_e81d7.dir/build.make:97: recipe for target 'cmTC_e81d7' failed
make[1]: *** [cmTC_e81d7] Error 1
make[1]: Leaving directory '/home/xurui/sunglasses_temp_task/batch_process_test/build/CMakeFiles/CMakeTmp'
Makefile:126: recipe for target 'cmTC_e81d7/fast' failed
make: *** [cmTC_e81d7/fast] Error 2


Determining if the function sgesv_ exists failed with the following output:
Change Dir: /home/xurui/sunglasses_temp_task/batch_process_test/build/CMakeFiles/CMakeTmp

Run Build Command:"/usr/bin/make" "cmTC_563b8/fast"
/usr/bin/make -f CMakeFiles/cmTC_563b8.dir/build.make CMakeFiles/cmTC_563b8.dir/build
make[1]: Entering directory '/home/xurui/sunglasses_temp_task/batch_process_test/build/CMakeFiles/CMakeTmp'
Building C object CMakeFiles/cmTC_563b8.dir/CheckFunctionExists.c.o
/usr/bin/cc    -DCHECK_FUNCTION_EXISTS=sgesv_   -o CMakeFiles/cmTC_563b8.dir/CheckFunctionExists.c.o   -c /usr/share/cmake-3.5/Modules/CheckFunctionExists.c
Linking C executable cmTC_563b8
/usr/bin/cmake -E cmake_link_script CMakeFiles/cmTC_563b8.dir/link.txt --verbose=1
/usr/bin/cc   -DCHECK_FUNCTION_EXISTS=sgesv_    CMakeFiles/cmTC_563b8.dir/CheckFunctionExists.c.o  -o cmTC_563b8 -rdynamic 
CMakeFiles/cmTC_563b8.dir/CheckFunctionExists.c.o：在函数‘main’中：
CheckFunctionExists.c:(.text+0x15)：对‘sgesv_’未定义的引用
collect2: error: ld returned 1 exit status
CMakeFiles/cmTC_563b8.dir/build.make:97: recipe for target 'cmTC_563b8' failed
make[1]: *** [cmTC_563b8] Error 1
make[1]: Leaving directory '/home/xurui/sunglasses_temp_task/batch_process_test/build/CMakeFiles/CMakeTmp'
Makefile:126: recipe for target 'cmTC_563b8/fast' failed
make: *** [cmTC_563b8/fast] Error 2


