Determining if the pthread_create exist failed with the following output:
Change Dir: /home/xurui/sunglasses_temp_task/batch_process_test/build/dlib_build/dlib/cuda_test_build/CMakeFiles/CMakeTmp

Run Build Command:"/usr/bin/make" "cmTC_7d3ad/fast"
/usr/bin/make -f CMakeFiles/cmTC_7d3ad.dir/build.make CMakeFiles/cmTC_7d3ad.dir/build
make[1]: Entering directory '/home/xurui/sunglasses_temp_task/batch_process_test/build/dlib_build/dlib/cuda_test_build/CMakeFiles/CMakeTmp'
Building C object CMakeFiles/cmTC_7d3ad.dir/CheckSymbolExists.c.o
/usr/bin/cc    -fPIC    -o CMakeFiles/cmTC_7d3ad.dir/CheckSymbolExists.c.o   -c /home/xurui/sunglasses_temp_task/batch_process_test/build/dlib_build/dlib/cuda_test_build/CMakeFiles/CMakeTmp/CheckSymbolExists.c
Linking C executable cmTC_7d3ad
/usr/bin/cmake -E cmake_link_script CMakeFiles/cmTC_7d3ad.dir/link.txt --verbose=1
/usr/bin/cc  -fPIC     CMakeFiles/cmTC_7d3ad.dir/CheckSymbolExists.c.o  -o cmTC_7d3ad -rdynamic 
CMakeFiles/cmTC_7d3ad.dir/CheckSymbolExists.c.o：在函数‘main’中：
CheckSymbolExists.c:(.text+0x1b)：对‘pthread_create’未定义的引用
collect2: error: ld returned 1 exit status
CMakeFiles/cmTC_7d3ad.dir/build.make:97: recipe for target 'cmTC_7d3ad' failed
make[1]: *** [cmTC_7d3ad] Error 1
make[1]: Leaving directory '/home/xurui/sunglasses_temp_task/batch_process_test/build/dlib_build/dlib/cuda_test_build/CMakeFiles/CMakeTmp'
Makefile:126: recipe for target 'cmTC_7d3ad/fast' failed
make: *** [cmTC_7d3ad/fast] Error 2

File /home/xurui/sunglasses_temp_task/batch_process_test/build/dlib_build/dlib/cuda_test_build/CMakeFiles/CMakeTmp/CheckSymbolExists.c:
/* */
#include <pthread.h>

int main(int argc, char** argv)
{
  (void)argv;
#ifndef pthread_create
  return ((int*)(&pthread_create))[argc];
#else
  (void)argc;
  return 0;
#endif
}

Determining if the function pthread_create exists in the pthreads failed with the following output:
Change Dir: /home/xurui/sunglasses_temp_task/batch_process_test/build/dlib_build/dlib/cuda_test_build/CMakeFiles/CMakeTmp

Run Build Command:"/usr/bin/make" "cmTC_51d79/fast"
/usr/bin/make -f CMakeFiles/cmTC_51d79.dir/build.make CMakeFiles/cmTC_51d79.dir/build
make[1]: Entering directory '/home/xurui/sunglasses_temp_task/batch_process_test/build/dlib_build/dlib/cuda_test_build/CMakeFiles/CMakeTmp'
Building C object CMakeFiles/cmTC_51d79.dir/CheckFunctionExists.c.o
/usr/bin/cc    -fPIC -DCHECK_FUNCTION_EXISTS=pthread_create   -o CMakeFiles/cmTC_51d79.dir/CheckFunctionExists.c.o   -c /usr/share/cmake-3.5/Modules/CheckFunctionExists.c
Linking C executable cmTC_51d79
/usr/bin/cmake -E cmake_link_script CMakeFiles/cmTC_51d79.dir/link.txt --verbose=1
/usr/bin/cc  -fPIC -DCHECK_FUNCTION_EXISTS=pthread_create    CMakeFiles/cmTC_51d79.dir/CheckFunctionExists.c.o  -o cmTC_51d79 -rdynamic -lpthreads 
/usr/bin/ld: 找不到 -lpthreads
collect2: error: ld returned 1 exit status
CMakeFiles/cmTC_51d79.dir/build.make:97: recipe for target 'cmTC_51d79' failed
make[1]: *** [cmTC_51d79] Error 1
make[1]: Leaving directory '/home/xurui/sunglasses_temp_task/batch_process_test/build/dlib_build/dlib/cuda_test_build/CMakeFiles/CMakeTmp'
Makefile:126: recipe for target 'cmTC_51d79/fast' failed
make: *** [cmTC_51d79/fast] Error 2


